<?xml version="1.0" encoding="UTF-8"?>
<!-- Generated by org.testng.reporters.JUnitReportReporter -->
<testsuite hostname="DESKTOP-4RLKFEF" failures="0" tests="1" name="TestCases.LoginFlipKart" time="4.604" errors="0" timestamp="2022-05-26T20:31:09 IST" skipped="0">
  <testcase classname="TestCases.LoginFlipKart" name="addToCart" time="4.604"/>
  <system-out/>
</testsuite> <!-- TestCases.LoginFlipKart -->
